0 info it worked if it ends with ok
1 verbose cli [ '/Users/afrancis1/.nvm/v4.4.1/bin/node',
1 verbose cli   '/Users/afrancis1/.nvm/v4.4.1/bin/npm',
1 verbose cli   'install' ]
2 info using npm@2.14.20
3 info using node@v4.4.1
4 verbose readDependencies loading dependencies from /Users/afrancis1/react/core/abs/package.json
5 verbose install where, deps [ '/Users/afrancis1/react/core/abs',
5 verbose install   [ 'autoprefixer',
5 verbose install     'axios',
5 verbose install     'babel-cli',
5 verbose install     'babel-eslint',
5 verbose install     'babel-jscs',
5 verbose install     'babel-loader',
5 verbose install     'babel-preset-es2015',
5 verbose install     'babel-preset-react',
5 verbose install     'babel-preset-react-hmre',
5 verbose install     'babel-preset-stage-0',
5 verbose install     'chai',
5 verbose install     'cross-env',
5 verbose install     'css-loader',
5 verbose install     'eslint',
5 verbose install     'eslint-plugin-react',
5 verbose install     'express',
5 verbose install     'extract-text-webpack-plugin',
5 verbose install     'html-webpack-plugin',
5 verbose install     'jscs',
5 verbose install     'jsdom',
5 verbose install     'json-loader',
5 verbose install     'mocha',
5 verbose install     'mocha-jsdom',
5 verbose install     'node-sass',
5 verbose install     'postcss-loader',
5 verbose install     'react',
5 verbose install     'react-addons-test-utils',
5 verbose install     'react-dom',
5 verbose install     'react-redux',
5 verbose install     'react-router',
5 verbose install     'react-transform-hmr',
5 verbose install     'redux',
5 verbose install     'redux-logger',
5 verbose install     'redux-promise-middleware',
5 verbose install     'redux-thunk',
5 verbose install     'rimraf',
5 verbose install     'sinon',
5 verbose install     'sinon-chai',
5 verbose install     'stats-webpack-plugin',
5 verbose install     'style-loader',
5 verbose install     'webpack',
5 verbose install     'webpack-dev-middleware',
5 verbose install     'webpack-hot-middleware' ] ]
6 verbose install where, peers [ '/Users/afrancis1/react/core/abs', [] ]
7 verbose installManyTop reading for lifecycle /Users/afrancis1/react/core/abs/package.json
8 info preinstall abs@0.1.0
9 verbose installManyTop reading scoped package data from /Users/afrancis1/react/core/abs/node_modules/autoprefixer/package.json
10 verbose installManyTop reading scoped package data from /Users/afrancis1/react/core/abs/node_modules/axios/package.json
11 verbose installManyTop reading scoped package data from /Users/afrancis1/react/core/abs/node_modules/babel-cli/package.json
12 verbose installManyTop reading scoped package data from /Users/afrancis1/react/core/abs/node_modules/babel-core/package.json
13 verbose installManyTop reading scoped package data from /Users/afrancis1/react/core/abs/node_modules/babel-eslint/package.json
14 verbose installManyTop reading scoped package data from /Users/afrancis1/react/core/abs/node_modules/babel-jscs/package.json
15 verbose installManyTop reading scoped package data from /Users/afrancis1/react/core/abs/node_modules/babel-loader/package.json
16 verbose installManyTop reading scoped package data from /Users/afrancis1/react/core/abs/node_modules/babel-plugin-react-relay/package.json
17 verbose installManyTop reading scoped package data from /Users/afrancis1/react/core/abs/node_modules/babel-plugin-transform-decorators/package.json
18 verbose installManyTop reading scoped package data from /Users/afrancis1/react/core/abs/node_modules/babel-plugin-transform-decorators-legacy/package.json
19 verbose installManyTop reading scoped package data from /Users/afrancis1/react/core/abs/node_modules/babel-preset-es2015/package.json
20 verbose installManyTop reading scoped package data from /Users/afrancis1/react/core/abs/node_modules/babel-preset-react/package.json
21 verbose installManyTop reading scoped package data from /Users/afrancis1/react/core/abs/node_modules/babel-preset-react-hmre/package.json
22 verbose installManyTop reading scoped package data from /Users/afrancis1/react/core/abs/node_modules/babel-preset-stage-0/package.json
23 verbose installManyTop reading scoped package data from /Users/afrancis1/react/core/abs/node_modules/babel-relay-plugin/package.json
24 verbose installManyTop reading scoped package data from /Users/afrancis1/react/core/abs/node_modules/babel-relay-plugin-loader/package.json
25 verbose installManyTop reading scoped package data from /Users/afrancis1/react/core/abs/node_modules/chai/package.json
26 verbose installManyTop reading scoped package data from /Users/afrancis1/react/core/abs/node_modules/copy-webpack-plugin/package.json
27 verbose installManyTop reading scoped package data from /Users/afrancis1/react/core/abs/node_modules/cross-env/package.json
28 verbose installManyTop reading scoped package data from /Users/afrancis1/react/core/abs/node_modules/css-loader/package.json
29 verbose installManyTop reading scoped package data from /Users/afrancis1/react/core/abs/node_modules/eslint/package.json
30 verbose installManyTop reading scoped package data from /Users/afrancis1/react/core/abs/node_modules/eslint-plugin-react/package.json
31 verbose installManyTop reading scoped package data from /Users/afrancis1/react/core/abs/node_modules/express/package.json
32 verbose installManyTop reading scoped package data from /Users/afrancis1/react/core/abs/node_modules/express-graphql/package.json
33 verbose installManyTop reading scoped package data from /Users/afrancis1/react/core/abs/node_modules/extract-text-webpack-plugin/package.json
34 verbose installManyTop reading scoped package data from /Users/afrancis1/react/core/abs/node_modules/fs/package.json
35 verbose installManyTop reading scoped package data from /Users/afrancis1/react/core/abs/node_modules/graphql/package.json
36 verbose installManyTop reading scoped package data from /Users/afrancis1/react/core/abs/node_modules/html-webpack-plugin/package.json
37 verbose installManyTop reading scoped package data from /Users/afrancis1/react/core/abs/node_modules/imdb-api/package.json
38 verbose installManyTop reading scoped package data from /Users/afrancis1/react/core/abs/node_modules/jscs/package.json
39 verbose installManyTop reading scoped package data from /Users/afrancis1/react/core/abs/node_modules/jsdom/package.json
40 verbose installManyTop reading scoped package data from /Users/afrancis1/react/core/abs/node_modules/json-loader/package.json
41 verbose installManyTop reading scoped package data from /Users/afrancis1/react/core/abs/node_modules/mocha/package.json
42 verbose installManyTop reading scoped package data from /Users/afrancis1/react/core/abs/node_modules/mocha-jsdom/package.json
43 verbose installManyTop reading scoped package data from /Users/afrancis1/react/core/abs/node_modules/net/package.json
44 verbose installManyTop reading scoped package data from /Users/afrancis1/react/core/abs/node_modules/node-sass/package.json
45 verbose installManyTop reading scoped package data from /Users/afrancis1/react/core/abs/node_modules/postcss-loader/package.json
46 verbose installManyTop reading scoped package data from /Users/afrancis1/react/core/abs/node_modules/react/package.json
47 verbose installManyTop reading scoped package data from /Users/afrancis1/react/core/abs/node_modules/react-addons-test-utils/package.json
48 verbose installManyTop reading scoped package data from /Users/afrancis1/react/core/abs/node_modules/react-bootstrap/package.json
49 verbose installManyTop reading scoped package data from /Users/afrancis1/react/core/abs/node_modules/react-dom/package.json
50 verbose installManyTop reading scoped package data from /Users/afrancis1/react/core/abs/node_modules/react-facebook-login/package.json
51 verbose installManyTop reading scoped package data from /Users/afrancis1/react/core/abs/node_modules/react-redux/package.json
52 verbose installManyTop reading scoped package data from /Users/afrancis1/react/core/abs/node_modules/react-relay/package.json
53 verbose installManyTop reading scoped package data from /Users/afrancis1/react/core/abs/node_modules/react-router/package.json
54 verbose installManyTop reading scoped package data from /Users/afrancis1/react/core/abs/node_modules/react-transform-hmr/package.json
55 verbose installManyTop reading scoped package data from /Users/afrancis1/react/core/abs/node_modules/redux/package.json
56 verbose installManyTop reading scoped package data from /Users/afrancis1/react/core/abs/node_modules/redux-logger/package.json
57 verbose installManyTop reading scoped package data from /Users/afrancis1/react/core/abs/node_modules/redux-promise-middleware/package.json
58 verbose installManyTop reading scoped package data from /Users/afrancis1/react/core/abs/node_modules/redux-thunk/package.json
59 verbose installManyTop reading scoped package data from /Users/afrancis1/react/core/abs/node_modules/rimraf/package.json
60 verbose installManyTop reading scoped package data from /Users/afrancis1/react/core/abs/node_modules/sinon/package.json
61 verbose installManyTop reading scoped package data from /Users/afrancis1/react/core/abs/node_modules/sinon-chai/package.json
62 verbose installManyTop reading scoped package data from /Users/afrancis1/react/core/abs/node_modules/stats-webpack-plugin/package.json
63 verbose installManyTop reading scoped package data from /Users/afrancis1/react/core/abs/node_modules/style-loader/package.json
64 verbose installManyTop reading scoped package data from /Users/afrancis1/react/core/abs/node_modules/tls/package.json
65 verbose installManyTop reading scoped package data from /Users/afrancis1/react/core/abs/node_modules/webpack/package.json
66 verbose installManyTop reading scoped package data from /Users/afrancis1/react/core/abs/node_modules/webpack-dev-middleware/package.json
67 verbose installManyTop reading scoped package data from /Users/afrancis1/react/core/abs/node_modules/webpack-hot-middleware/package.json
68 info package.json copy-webpack-plugin@4.0.1 No README data
69 info package.json fs@0.0.1-security fs is also the name of a node core module.
70 info package.json stats-webpack-plugin@0.2.2 No license field.
71 info package.json tls@0.0.1 tls is also the name of a node core module.
72 info package.json tls@0.0.1 No license field.
73 info package.json net@1.0.2 net is also the name of a node core module.
74 info package.json net@1.0.2 'repositories' (plural) Not supported. Please pick one as the 'repository' field
75 info package.json net@1.0.2 No README data
76 info package.json net@1.0.2 license should be a valid SPDX license expression
77 verbose readDependencies loading dependencies from /Users/afrancis1/react/core/abs/package.json
78 verbose targetResolver reading package data from /Users/afrancis1/react/core/abs/node_modules/autoprefixer/package.json
79 verbose targetResolver reading package data from /Users/afrancis1/react/core/abs/node_modules/axios/package.json
80 verbose targetResolver reading package data from /Users/afrancis1/react/core/abs/node_modules/babel-cli/package.json
81 verbose targetResolver reading package data from /Users/afrancis1/react/core/abs/node_modules/babel-core/package.json
82 verbose targetResolver reading package data from /Users/afrancis1/react/core/abs/node_modules/babel-eslint/package.json
83 verbose targetResolver reading package data from /Users/afrancis1/react/core/abs/node_modules/babel-jscs/package.json
84 verbose targetResolver reading package data from /Users/afrancis1/react/core/abs/node_modules/babel-loader/package.json
85 verbose targetResolver reading package data from /Users/afrancis1/react/core/abs/node_modules/babel-plugin-react-relay/package.json
86 verbose targetResolver reading package data from /Users/afrancis1/react/core/abs/node_modules/babel-plugin-transform-decorators/package.json
87 verbose targetResolver reading package data from /Users/afrancis1/react/core/abs/node_modules/babel-plugin-transform-decorators-legacy/package.json
88 verbose targetResolver reading package data from /Users/afrancis1/react/core/abs/node_modules/babel-preset-es2015/package.json
89 verbose targetResolver reading package data from /Users/afrancis1/react/core/abs/node_modules/babel-preset-react/package.json
90 verbose targetResolver reading package data from /Users/afrancis1/react/core/abs/node_modules/babel-preset-react-hmre/package.json
91 verbose targetResolver reading package data from /Users/afrancis1/react/core/abs/node_modules/babel-preset-stage-0/package.json
92 verbose targetResolver reading package data from /Users/afrancis1/react/core/abs/node_modules/babel-relay-plugin/package.json
93 verbose targetResolver reading package data from /Users/afrancis1/react/core/abs/node_modules/babel-relay-plugin-loader/package.json
94 verbose targetResolver reading package data from /Users/afrancis1/react/core/abs/node_modules/chai/package.json
95 verbose targetResolver reading package data from /Users/afrancis1/react/core/abs/node_modules/copy-webpack-plugin/package.json
96 verbose targetResolver reading package data from /Users/afrancis1/react/core/abs/node_modules/cross-env/package.json
97 verbose targetResolver reading package data from /Users/afrancis1/react/core/abs/node_modules/css-loader/package.json
98 verbose targetResolver reading package data from /Users/afrancis1/react/core/abs/node_modules/eslint/package.json
99 verbose targetResolver reading package data from /Users/afrancis1/react/core/abs/node_modules/eslint-plugin-react/package.json
100 verbose targetResolver reading package data from /Users/afrancis1/react/core/abs/node_modules/express/package.json
101 verbose targetResolver reading package data from /Users/afrancis1/react/core/abs/node_modules/express-graphql/package.json
102 verbose targetResolver reading package data from /Users/afrancis1/react/core/abs/node_modules/extract-text-webpack-plugin/package.json
103 verbose targetResolver reading package data from /Users/afrancis1/react/core/abs/node_modules/fs/package.json
104 verbose targetResolver reading package data from /Users/afrancis1/react/core/abs/node_modules/graphql/package.json
105 verbose targetResolver reading package data from /Users/afrancis1/react/core/abs/node_modules/html-webpack-plugin/package.json
106 verbose targetResolver reading package data from /Users/afrancis1/react/core/abs/node_modules/imdb-api/package.json
107 verbose targetResolver reading package data from /Users/afrancis1/react/core/abs/node_modules/jscs/package.json
108 verbose targetResolver reading package data from /Users/afrancis1/react/core/abs/node_modules/jsdom/package.json
109 verbose targetResolver reading package data from /Users/afrancis1/react/core/abs/node_modules/json-loader/package.json
110 verbose targetResolver reading package data from /Users/afrancis1/react/core/abs/node_modules/mocha/package.json
111 verbose targetResolver reading package data from /Users/afrancis1/react/core/abs/node_modules/mocha-jsdom/package.json
112 verbose targetResolver reading package data from /Users/afrancis1/react/core/abs/node_modules/net/package.json
113 verbose targetResolver reading package data from /Users/afrancis1/react/core/abs/node_modules/node-sass/package.json
114 verbose targetResolver reading package data from /Users/afrancis1/react/core/abs/node_modules/postcss-loader/package.json
115 verbose targetResolver reading package data from /Users/afrancis1/react/core/abs/node_modules/react/package.json
116 verbose targetResolver reading package data from /Users/afrancis1/react/core/abs/node_modules/react-addons-test-utils/package.json
117 verbose targetResolver reading package data from /Users/afrancis1/react/core/abs/node_modules/react-bootstrap/package.json
118 verbose targetResolver reading package data from /Users/afrancis1/react/core/abs/node_modules/react-dom/package.json
119 verbose targetResolver reading package data from /Users/afrancis1/react/core/abs/node_modules/react-facebook-login/package.json
120 verbose targetResolver reading package data from /Users/afrancis1/react/core/abs/node_modules/react-redux/package.json
121 verbose targetResolver reading package data from /Users/afrancis1/react/core/abs/node_modules/react-relay/package.json
122 verbose targetResolver reading package data from /Users/afrancis1/react/core/abs/node_modules/react-router/package.json
123 verbose targetResolver reading package data from /Users/afrancis1/react/core/abs/node_modules/react-transform-hmr/package.json
124 verbose targetResolver reading package data from /Users/afrancis1/react/core/abs/node_modules/redux/package.json
125 verbose targetResolver reading package data from /Users/afrancis1/react/core/abs/node_modules/redux-logger/package.json
126 verbose targetResolver reading package data from /Users/afrancis1/react/core/abs/node_modules/redux-promise-middleware/package.json
127 verbose targetResolver reading package data from /Users/afrancis1/react/core/abs/node_modules/redux-thunk/package.json
128 verbose targetResolver reading package data from /Users/afrancis1/react/core/abs/node_modules/rimraf/package.json
129 verbose targetResolver reading package data from /Users/afrancis1/react/core/abs/node_modules/sinon/package.json
130 verbose targetResolver reading package data from /Users/afrancis1/react/core/abs/node_modules/sinon-chai/package.json
131 verbose targetResolver reading package data from /Users/afrancis1/react/core/abs/node_modules/stats-webpack-plugin/package.json
132 verbose targetResolver reading package data from /Users/afrancis1/react/core/abs/node_modules/style-loader/package.json
133 verbose targetResolver reading package data from /Users/afrancis1/react/core/abs/node_modules/tls/package.json
134 verbose targetResolver reading package data from /Users/afrancis1/react/core/abs/node_modules/webpack/package.json
135 verbose targetResolver reading package data from /Users/afrancis1/react/core/abs/node_modules/webpack-dev-middleware/package.json
136 verbose targetResolver reading package data from /Users/afrancis1/react/core/abs/node_modules/webpack-hot-middleware/package.json
137 verbose targetResolver reading package data from /Users/afrancis1/react/core/abs/node_modules/.bin/babel/package.json
138 verbose targetResolver reading package data from /Users/afrancis1/react/core/abs/node_modules/.bin/babel-doctor/package.json
139 verbose targetResolver reading package data from /Users/afrancis1/react/core/abs/node_modules/.bin/babel-external-helpers/package.json
140 verbose targetResolver reading package data from /Users/afrancis1/react/core/abs/node_modules/.bin/babel-node/package.json
141 verbose targetResolver reading package data from /Users/afrancis1/react/core/abs/node_modules/.bin/cross-env/package.json
142 verbose targetResolver reading package data from /Users/afrancis1/react/core/abs/node_modules/.bin/eslint/package.json
143 verbose targetResolver reading package data from /Users/afrancis1/react/core/abs/node_modules/.bin/jscs/package.json
144 verbose targetResolver reading package data from /Users/afrancis1/react/core/abs/node_modules/.bin/mocha/package.json
145 verbose targetResolver reading package data from /Users/afrancis1/react/core/abs/node_modules/.bin/rimraf/package.json
146 verbose targetResolver reading package data from /Users/afrancis1/react/core/abs/node_modules/.bin/webpack/package.json
147 verbose already installed skipping express@^4.13.3 /Users/afrancis1/react/core/abs
148 verbose already installed skipping extract-text-webpack-plugin@^0.8.2 /Users/afrancis1/react/core/abs
149 verbose already installed skipping html-webpack-plugin@^1.6.1 /Users/afrancis1/react/core/abs
150 verbose already installed skipping jscs@^2.1.1 /Users/afrancis1/react/core/abs
151 verbose already installed skipping jsdom@^6.5.1 /Users/afrancis1/react/core/abs
152 verbose already installed skipping json-loader@^0.5.3 /Users/afrancis1/react/core/abs
153 verbose already installed skipping mocha@^2.3.3 /Users/afrancis1/react/core/abs
154 verbose already installed skipping mocha-jsdom@^1.0.0 /Users/afrancis1/react/core/abs
155 verbose already installed skipping node-sass@^3.13.0 /Users/afrancis1/react/core/abs
156 verbose already installed skipping postcss-loader@^0.6.0 /Users/afrancis1/react/core/abs
157 verbose already installed skipping react@^0.14.3 /Users/afrancis1/react/core/abs
158 verbose already installed skipping react-addons-test-utils@^0.14.3 /Users/afrancis1/react/core/abs
159 verbose already installed skipping react-dom@^0.14.3 /Users/afrancis1/react/core/abs
160 verbose already installed skipping react-redux@^5.0.2 /Users/afrancis1/react/core/abs
161 verbose already installed skipping react-router@^3.0.2 /Users/afrancis1/react/core/abs
162 verbose already installed skipping react-transform-hmr@^1.0.0 /Users/afrancis1/react/core/abs
163 verbose already installed skipping redux@^3.6.0 /Users/afrancis1/react/core/abs
164 verbose already installed skipping redux-logger@^2.7.4 /Users/afrancis1/react/core/abs
165 verbose already installed skipping redux-promise-middleware@^4.2.0 /Users/afrancis1/react/core/abs
166 verbose already installed skipping redux-thunk@^2.1.0 /Users/afrancis1/react/core/abs
167 verbose already installed skipping rimraf@^2.4.3 /Users/afrancis1/react/core/abs
168 verbose already installed skipping sinon@^1.16.1 /Users/afrancis1/react/core/abs
169 verbose already installed skipping sinon-chai@^2.8.0 /Users/afrancis1/react/core/abs
170 verbose already installed skipping stats-webpack-plugin@^0.2.1 /Users/afrancis1/react/core/abs
171 verbose already installed skipping style-loader@^0.12.4 /Users/afrancis1/react/core/abs
172 verbose already installed skipping webpack@^1.12.2 /Users/afrancis1/react/core/abs
173 verbose already installed skipping webpack-dev-middleware@^1.2.0 /Users/afrancis1/react/core/abs
174 verbose already installed skipping webpack-hot-middleware@^2.2.0 /Users/afrancis1/react/core/abs
175 verbose already installed skipping autoprefixer@^6.0.3 /Users/afrancis1/react/core/abs
176 verbose already installed skipping axios@^0.15.3 /Users/afrancis1/react/core/abs
177 verbose already installed skipping babel-cli@^6.4.0 /Users/afrancis1/react/core/abs
178 verbose already installed skipping babel-eslint@^4.1.6 /Users/afrancis1/react/core/abs
179 verbose already installed skipping babel-jscs@^2.0.5 /Users/afrancis1/react/core/abs
180 verbose already installed skipping babel-loader@^6.2.3 /Users/afrancis1/react/core/abs
181 verbose already installed skipping babel-preset-es2015@^6.3.13 /Users/afrancis1/react/core/abs
182 verbose already installed skipping babel-preset-react@^6.3.13 /Users/afrancis1/react/core/abs
183 verbose already installed skipping babel-preset-react-hmre@^1.1.0 /Users/afrancis1/react/core/abs
184 verbose already installed skipping babel-preset-stage-0@^6.3.13 /Users/afrancis1/react/core/abs
185 verbose already installed skipping chai@^3.2.0 /Users/afrancis1/react/core/abs
186 verbose already installed skipping cross-env@^1.0.7 /Users/afrancis1/react/core/abs
187 verbose already installed skipping css-loader@^0.19.0 /Users/afrancis1/react/core/abs
188 verbose already installed skipping eslint@^1.5.0 /Users/afrancis1/react/core/abs
189 verbose already installed skipping eslint-plugin-react@^3.4.2 /Users/afrancis1/react/core/abs
190 silly install resolved []
191 info build /Users/afrancis1/react/core/abs
192 info linkStuff abs@0.1.0
193 silly linkStuff abs@0.1.0 has /Users/afrancis1/react/core as its parent node_modules
194 verbose linkBins abs@0.1.0
195 verbose linkMans abs@0.1.0
196 verbose rebuildBundles abs@0.1.0
197 verbose rebuildBundles [ '.bin',
197 verbose rebuildBundles   'autoprefixer',
197 verbose rebuildBundles   'axios',
197 verbose rebuildBundles   'babel-cli',
197 verbose rebuildBundles   'babel-core',
197 verbose rebuildBundles   'babel-eslint',
197 verbose rebuildBundles   'babel-jscs',
197 verbose rebuildBundles   'babel-loader',
197 verbose rebuildBundles   'babel-plugin-react-relay',
197 verbose rebuildBundles   'babel-plugin-transform-decorators',
197 verbose rebuildBundles   'babel-plugin-transform-decorators-legacy',
197 verbose rebuildBundles   'babel-preset-es2015',
197 verbose rebuildBundles   'babel-preset-react',
197 verbose rebuildBundles   'babel-preset-react-hmre',
197 verbose rebuildBundles   'babel-preset-stage-0',
197 verbose rebuildBundles   'babel-relay-plugin',
197 verbose rebuildBundles   'babel-relay-plugin-loader',
197 verbose rebuildBundles   'chai',
197 verbose rebuildBundles   'copy-webpack-plugin',
197 verbose rebuildBundles   'cross-env',
197 verbose rebuildBundles   'css-loader',
197 verbose rebuildBundles   'eslint',
197 verbose rebuildBundles   'eslint-plugin-react',
197 verbose rebuildBundles   'express',
197 verbose rebuildBundles   'express-graphql',
197 verbose rebuildBundles   'extract-text-webpack-plugin',
197 verbose rebuildBundles   'fs',
197 verbose rebuildBundles   'graphql',
197 verbose rebuildBundles   'html-webpack-plugin',
197 verbose rebuildBundles   'imdb-api',
197 verbose rebuildBundles   'jscs',
197 verbose rebuildBundles   'jsdom',
197 verbose rebuildBundles   'json-loader',
197 verbose rebuildBundles   'mocha',
197 verbose rebuildBundles   'mocha-jsdom',
197 verbose rebuildBundles   'net',
197 verbose rebuildBundles   'node-sass',
197 verbose rebuildBundles   'postcss-loader',
197 verbose rebuildBundles   'react',
197 verbose rebuildBundles   'react-addons-test-utils',
197 verbose rebuildBundles   'react-bootstrap',
197 verbose rebuildBundles   'react-dom',
197 verbose rebuildBundles   'react-facebook-login',
197 verbose rebuildBundles   'react-redux',
197 verbose rebuildBundles   'react-relay',
197 verbose rebuildBundles   'react-router',
197 verbose rebuildBundles   'react-transform-hmr',
197 verbose rebuildBundles   'redux',
197 verbose rebuildBundles   'redux-logger',
197 verbose rebuildBundles   'redux-promise-middleware',
197 verbose rebuildBundles   'redux-thunk',
197 verbose rebuildBundles   'rimraf',
197 verbose rebuildBundles   'sinon',
197 verbose rebuildBundles   'sinon-chai',
197 verbose rebuildBundles   'stats-webpack-plugin',
197 verbose rebuildBundles   'style-loader',
197 verbose rebuildBundles   'tls',
197 verbose rebuildBundles   'webpack',
197 verbose rebuildBundles   'webpack-dev-middleware',
197 verbose rebuildBundles   'webpack-hot-middleware' ]
198 verbose rebuild bundle /Users/afrancis1/react/core/abs/node_modules/babel-core
199 info build /Users/afrancis1/react/core/abs/node_modules/babel-core
200 info preinstall babel-core@6.18.2
201 info linkStuff babel-core@6.18.2
202 silly linkStuff babel-core@6.18.2 has /Users/afrancis1/react/core/abs/node_modules as its parent node_modules
203 verbose linkBins babel-core@6.18.2
204 verbose linkMans babel-core@6.18.2
205 verbose rebuildBundles babel-core@6.18.2
206 verbose rebuildBundles [ '.bin',
206 verbose rebuildBundles   'babel-code-frame',
206 verbose rebuildBundles   'babel-generator',
206 verbose rebuildBundles   'babel-helpers',
206 verbose rebuildBundles   'babel-messages',
206 verbose rebuildBundles   'babel-register',
206 verbose rebuildBundles   'babel-runtime',
206 verbose rebuildBundles   'babel-template',
206 verbose rebuildBundles   'babel-traverse',
206 verbose rebuildBundles   'babel-types',
206 verbose rebuildBundles   'babylon',
206 verbose rebuildBundles   'convert-source-map',
206 verbose rebuildBundles   'debug',
206 verbose rebuildBundles   'json5',
206 verbose rebuildBundles   'lodash',
206 verbose rebuildBundles   'minimatch',
206 verbose rebuildBundles   'path-is-absolute',
206 verbose rebuildBundles   'private',
206 verbose rebuildBundles   'slash',
206 verbose rebuildBundles   'source-map' ]
207 info install babel-core@6.18.2
208 info postinstall babel-core@6.18.2
209 verbose rebuild bundle /Users/afrancis1/react/core/abs/node_modules/babel-plugin-react-relay
210 info build /Users/afrancis1/react/core/abs/node_modules/babel-plugin-react-relay
211 info preinstall babel-plugin-react-relay@0.9.3-3
212 info linkStuff babel-plugin-react-relay@0.9.3-3
213 silly linkStuff babel-plugin-react-relay@0.9.3-3 has /Users/afrancis1/react/core/abs/node_modules as its parent node_modules
214 verbose linkBins babel-plugin-react-relay@0.9.3-3
215 verbose linkMans babel-plugin-react-relay@0.9.3-3
216 verbose rebuildBundles babel-plugin-react-relay@0.9.3-3
217 verbose rebuildBundles [ 'deasync', 'graphql-config-parser' ]
218 info install babel-plugin-react-relay@0.9.3-3
219 info postinstall babel-plugin-react-relay@0.9.3-3
220 verbose rebuild bundle /Users/afrancis1/react/core/abs/node_modules/babel-plugin-transform-decorators
221 info build /Users/afrancis1/react/core/abs/node_modules/babel-plugin-transform-decorators
222 info preinstall babel-plugin-transform-decorators@6.13.0
223 info linkStuff babel-plugin-transform-decorators@6.13.0
224 silly linkStuff babel-plugin-transform-decorators@6.13.0 has /Users/afrancis1/react/core/abs/node_modules as its parent node_modules
225 verbose linkBins babel-plugin-transform-decorators@6.13.0
226 verbose linkMans babel-plugin-transform-decorators@6.13.0
227 verbose rebuildBundles babel-plugin-transform-decorators@6.13.0
228 verbose rebuildBundles [ 'babel-helper-define-map',
228 verbose rebuildBundles   'babel-helper-explode-class',
228 verbose rebuildBundles   'babel-plugin-syntax-decorators',
228 verbose rebuildBundles   'babel-runtime',
228 verbose rebuildBundles   'babel-template',
228 verbose rebuildBundles   'babel-types' ]
229 info install babel-plugin-transform-decorators@6.13.0
230 info postinstall babel-plugin-transform-decorators@6.13.0
231 verbose rebuild bundle /Users/afrancis1/react/core/abs/node_modules/babel-plugin-transform-decorators-legacy
232 info build /Users/afrancis1/react/core/abs/node_modules/babel-plugin-transform-decorators-legacy
233 info preinstall babel-plugin-transform-decorators-legacy@1.3.4
234 info linkStuff babel-plugin-transform-decorators-legacy@1.3.4
235 silly linkStuff babel-plugin-transform-decorators-legacy@1.3.4 has /Users/afrancis1/react/core/abs/node_modules as its parent node_modules
236 verbose linkBins babel-plugin-transform-decorators-legacy@1.3.4
237 verbose linkMans babel-plugin-transform-decorators-legacy@1.3.4
238 verbose rebuildBundles babel-plugin-transform-decorators-legacy@1.3.4
239 verbose rebuildBundles [ 'babel-plugin-syntax-decorators',
239 verbose rebuildBundles   'babel-runtime',
239 verbose rebuildBundles   'babel-template' ]
240 info install babel-plugin-transform-decorators-legacy@1.3.4
241 info postinstall babel-plugin-transform-decorators-legacy@1.3.4
242 verbose rebuild bundle /Users/afrancis1/react/core/abs/node_modules/babel-relay-plugin
243 info build /Users/afrancis1/react/core/abs/node_modules/babel-relay-plugin
244 info preinstall babel-relay-plugin@0.9.3
245 info linkStuff babel-relay-plugin@0.9.3
246 silly linkStuff babel-relay-plugin@0.9.3 has /Users/afrancis1/react/core/abs/node_modules as its parent node_modules
247 verbose linkBins babel-relay-plugin@0.9.3
248 verbose linkMans babel-relay-plugin@0.9.3
249 verbose rebuildBundles babel-relay-plugin@0.9.3
250 verbose rebuildBundles [ 'graphql' ]
251 info install babel-relay-plugin@0.9.3
252 info postinstall babel-relay-plugin@0.9.3
253 verbose rebuild bundle /Users/afrancis1/react/core/abs/node_modules/babel-relay-plugin-loader
254 info build /Users/afrancis1/react/core/abs/node_modules/babel-relay-plugin-loader
255 info preinstall babel-relay-plugin-loader@0.9.0
256 info linkStuff babel-relay-plugin-loader@0.9.0
257 silly linkStuff babel-relay-plugin-loader@0.9.0 has /Users/afrancis1/react/core/abs/node_modules as its parent node_modules
258 verbose linkBins babel-relay-plugin-loader@0.9.0
259 verbose linkMans babel-relay-plugin-loader@0.9.0
260 verbose rebuildBundles babel-relay-plugin-loader@0.9.0
261 info install babel-relay-plugin-loader@0.9.0
262 info postinstall babel-relay-plugin-loader@0.9.0
263 verbose rebuild bundle /Users/afrancis1/react/core/abs/node_modules/copy-webpack-plugin
264 info build /Users/afrancis1/react/core/abs/node_modules/copy-webpack-plugin
265 info preinstall copy-webpack-plugin@4.0.1
266 info linkStuff copy-webpack-plugin@4.0.1
267 silly linkStuff copy-webpack-plugin@4.0.1 has /Users/afrancis1/react/core/abs/node_modules as its parent node_modules
268 verbose linkBins copy-webpack-plugin@4.0.1
269 verbose linkMans copy-webpack-plugin@4.0.1
270 verbose rebuildBundles copy-webpack-plugin@4.0.1
271 verbose rebuildBundles [ 'bluebird',
271 verbose rebuildBundles   'fs-extra',
271 verbose rebuildBundles   'glob',
271 verbose rebuildBundles   'is-glob',
271 verbose rebuildBundles   'loader-utils',
271 verbose rebuildBundles   'lodash',
271 verbose rebuildBundles   'minimatch',
271 verbose rebuildBundles   'node-dir' ]
272 info install copy-webpack-plugin@4.0.1
273 info postinstall copy-webpack-plugin@4.0.1
274 verbose rebuild bundle /Users/afrancis1/react/core/abs/node_modules/express-graphql
275 info build /Users/afrancis1/react/core/abs/node_modules/express-graphql
276 info preinstall express-graphql@0.6.1
277 info linkStuff express-graphql@0.6.1
278 silly linkStuff express-graphql@0.6.1 has /Users/afrancis1/react/core/abs/node_modules as its parent node_modules
279 verbose linkBins express-graphql@0.6.1
280 verbose linkMans express-graphql@0.6.1
281 verbose rebuildBundles express-graphql@0.6.1
282 verbose rebuildBundles [ 'accepts', 'content-type', 'http-errors', 'raw-body' ]
283 info install express-graphql@0.6.1
284 info postinstall express-graphql@0.6.1
285 verbose rebuild bundle /Users/afrancis1/react/core/abs/node_modules/fs
286 info build /Users/afrancis1/react/core/abs/node_modules/fs
287 info preinstall fs@0.0.1-security
288 info linkStuff fs@0.0.1-security
289 silly linkStuff fs@0.0.1-security has /Users/afrancis1/react/core/abs/node_modules as its parent node_modules
290 verbose linkBins fs@0.0.1-security
291 verbose linkMans fs@0.0.1-security
292 verbose rebuildBundles fs@0.0.1-security
293 info install fs@0.0.1-security
294 info postinstall fs@0.0.1-security
295 verbose rebuild bundle /Users/afrancis1/react/core/abs/node_modules/graphql
296 info build /Users/afrancis1/react/core/abs/node_modules/graphql
297 info preinstall graphql@0.8.2
298 info linkStuff graphql@0.8.2
299 silly linkStuff graphql@0.8.2 has /Users/afrancis1/react/core/abs/node_modules as its parent node_modules
300 verbose linkBins graphql@0.8.2
301 verbose linkMans graphql@0.8.2
302 verbose rebuildBundles graphql@0.8.2
303 verbose rebuildBundles [ 'iterall' ]
304 info install graphql@0.8.2
305 info postinstall graphql@0.8.2
306 verbose rebuild bundle /Users/afrancis1/react/core/abs/node_modules/imdb-api
307 info build /Users/afrancis1/react/core/abs/node_modules/imdb-api
308 info preinstall imdb-api@2.2.0
309 info linkStuff imdb-api@2.2.0
310 silly linkStuff imdb-api@2.2.0 has /Users/afrancis1/react/core/abs/node_modules as its parent node_modules
311 verbose linkBins imdb-api@2.2.0
312 verbose linkMans imdb-api@2.2.0
313 verbose rebuildBundles imdb-api@2.2.0
314 verbose rebuildBundles [ 'es6-promise', 'request', 'request-promise' ]
315 info install imdb-api@2.2.0
316 info postinstall imdb-api@2.2.0
317 verbose rebuild bundle /Users/afrancis1/react/core/abs/node_modules/net
318 info build /Users/afrancis1/react/core/abs/node_modules/net
319 info preinstall net@1.0.2
320 info linkStuff net@1.0.2
321 silly linkStuff net@1.0.2 has /Users/afrancis1/react/core/abs/node_modules as its parent node_modules
322 verbose linkBins net@1.0.2
323 verbose linkMans net@1.0.2
324 verbose rebuildBundles net@1.0.2
325 info install net@1.0.2
326 info postinstall net@1.0.2
327 verbose rebuild bundle /Users/afrancis1/react/core/abs/node_modules/react-bootstrap
328 info build /Users/afrancis1/react/core/abs/node_modules/react-bootstrap
329 info preinstall react-bootstrap@0.30.7
330 info linkStuff react-bootstrap@0.30.7
331 silly linkStuff react-bootstrap@0.30.7 has /Users/afrancis1/react/core/abs/node_modules as its parent node_modules
332 verbose linkBins react-bootstrap@0.30.7
333 verbose linkMans react-bootstrap@0.30.7
334 verbose rebuildBundles react-bootstrap@0.30.7
335 verbose rebuildBundles [ 'babel-runtime',
335 verbose rebuildBundles   'classnames',
335 verbose rebuildBundles   'dom-helpers',
335 verbose rebuildBundles   'invariant',
335 verbose rebuildBundles   'keycode',
335 verbose rebuildBundles   'react-overlays',
335 verbose rebuildBundles   'react-prop-types',
335 verbose rebuildBundles   'uncontrollable',
335 verbose rebuildBundles   'warning' ]
336 info install react-bootstrap@0.30.7
337 info postinstall react-bootstrap@0.30.7
338 verbose rebuild bundle /Users/afrancis1/react/core/abs/node_modules/react-facebook-login
339 info build /Users/afrancis1/react/core/abs/node_modules/react-facebook-login
340 info preinstall react-facebook-login@3.4.3
341 info linkStuff react-facebook-login@3.4.3
342 silly linkStuff react-facebook-login@3.4.3 has /Users/afrancis1/react/core/abs/node_modules as its parent node_modules
343 verbose linkBins react-facebook-login@3.4.3
344 verbose linkMans react-facebook-login@3.4.3
345 verbose rebuildBundles react-facebook-login@3.4.3
346 verbose rebuildBundles [ 'react', 'react-dom' ]
347 info install react-facebook-login@3.4.3
348 info postinstall react-facebook-login@3.4.3
349 verbose rebuild bundle /Users/afrancis1/react/core/abs/node_modules/react-relay
350 info build /Users/afrancis1/react/core/abs/node_modules/react-relay
351 info preinstall react-relay@0.9.3
352 info linkStuff react-relay@0.9.3
353 silly linkStuff react-relay@0.9.3 has /Users/afrancis1/react/core/abs/node_modules as its parent node_modules
354 verbose linkBins react-relay@0.9.3
355 verbose linkMans react-relay@0.9.3
356 verbose rebuildBundles react-relay@0.9.3
357 verbose rebuildBundles [ 'babel-runtime', 'fbjs', 'react-static-container' ]
358 info install react-relay@0.9.3
359 info postinstall react-relay@0.9.3
360 verbose rebuild bundle /Users/afrancis1/react/core/abs/node_modules/tls
361 info build /Users/afrancis1/react/core/abs/node_modules/tls
362 info preinstall tls@0.0.1
363 info linkStuff tls@0.0.1
364 silly linkStuff tls@0.0.1 has /Users/afrancis1/react/core/abs/node_modules as its parent node_modules
365 verbose linkBins tls@0.0.1
366 verbose linkMans tls@0.0.1
367 verbose rebuildBundles tls@0.0.1
368 info install tls@0.0.1
369 info postinstall tls@0.0.1
370 info install abs@0.1.0
371 info postinstall abs@0.1.0
372 verbose unsafe-perm in lifecycle true
373 info prepublish abs@0.1.0
374 verbose validateInstall loading /Users/afrancis1/react/core/abs/package.json for validation
375 verbose stack Error: The package react@0.14.8 does not satisfy its siblings' peerDependencies requirements!
375 verbose stack     at /Users/afrancis1/.nvm/v4.4.1/lib/node_modules/npm/lib/install.js:125:32
375 verbose stack     at /Users/afrancis1/.nvm/v4.4.1/lib/node_modules/npm/lib/install.js:268:7
375 verbose stack     at /Users/afrancis1/.nvm/v4.4.1/lib/node_modules/npm/node_modules/read-installed/read-installed.js:142:5
375 verbose stack     at /Users/afrancis1/.nvm/v4.4.1/lib/node_modules/npm/node_modules/read-installed/read-installed.js:263:14
375 verbose stack     at cb (/Users/afrancis1/.nvm/v4.4.1/lib/node_modules/npm/node_modules/slide/lib/async-map.js:47:24)
375 verbose stack     at /Users/afrancis1/.nvm/v4.4.1/lib/node_modules/npm/node_modules/read-installed/read-installed.js:263:14
375 verbose stack     at cb (/Users/afrancis1/.nvm/v4.4.1/lib/node_modules/npm/node_modules/slide/lib/async-map.js:47:24)
375 verbose stack     at /Users/afrancis1/.nvm/v4.4.1/lib/node_modules/npm/node_modules/read-installed/read-installed.js:263:14
375 verbose stack     at cb (/Users/afrancis1/.nvm/v4.4.1/lib/node_modules/npm/node_modules/slide/lib/async-map.js:47:24)
375 verbose stack     at /Users/afrancis1/.nvm/v4.4.1/lib/node_modules/npm/node_modules/read-installed/read-installed.js:263:14
376 verbose cwd /Users/afrancis1/react/core/abs
377 error Darwin 15.6.0
378 error argv "/Users/afrancis1/.nvm/v4.4.1/bin/node" "/Users/afrancis1/.nvm/v4.4.1/bin/npm" "install"
379 error node v4.4.1
380 error npm  v2.14.20
381 error code EPEERINVALID
382 error peerinvalid The package react@0.14.8 does not satisfy its siblings' peerDependencies requirements!
382 error peerinvalid Peer react-addons-test-utils@0.14.8 wants react@^0.14.8
382 error peerinvalid Peer react-dom@0.14.8 wants react@^0.14.8
382 error peerinvalid Peer react-redux@5.0.2 wants react@^0.14.0 || ^15.0.0-0
382 error peerinvalid Peer react-router@3.0.2 wants react@^0.14.0 || ^15.0.0
382 error peerinvalid Peer react-bootstrap@0.30.7 wants react@>=0.14.0
382 error peerinvalid Peer react-relay@0.9.3 wants react@^15.0.0 || ^0.14.0
382 error peerinvalid Peer react-facebook-login@3.4.3 wants react@^15.1.0
383 verbose exit [ 1, true ]
